\\;
\\; E_DISK_ERROR
\\1
Errore di disco:
%s.
ENTER ??.
ESC ???

\\;
\\; E_CANCEL
\\2
annulla
\\;
\\; E_QUIT
\\3
esci
\\;
\\; E_DISK_ERROR_MSG
\\4
ll dischetto Š protto da scrittira
\\5
Unit… disco sconosciuta
\\6
Non pronto
\\7
?
\\8
Errore CRC 
\\9
?
\\10
Errore di ricerca
\\11
?
\\12
Settore non individuato
\\13
?
\\14
Errore in scrittura
\\15
Errore in lettura
\\16
Fallimento generale
\\;
\\; E_OOPS_TXT
\\25
Avete commesso qualcosa di improvicto.  
Qualunque cosa sia stata, non serve per terminare la partita.
Provate in un altro modo.
Errore %d. Versione %s SCI
\\;
\\; E_OOPS
\\26
Oops!
\\;
\\; E_NO_DEBUG
\\27
Debug non disponibile! errore #%d 
\\;
\\; E_NO_AUDIO_DRVR
\\28
Impossibilo individuare il driver '%s' dell'audio!

\\;
\\; E_NO_AUDIO
\\29
Impossibile inizializzare il vostro hardware audio.
\\;
\\; E_NO_CD_MAP
\\30
Impossibile individuare il file contenente la mappa del linguaggio cd.
\\;
\\; E_INSERT_DISK
\\31
Inserite il 
Disco %d nell'unita disco %s
e premete il tasto ENTER.%s
\\; E_NO_LANG_MAP	
\\32
Unable to locate the language map file.
\\;
\\; E_INSERT_STARTUP
\\33
Please insert
Startup Disk in drive %s
and press ENTER.%s
\\;
\\; E_NO_KBDDRV
\\34
No keyboard driver!
\\;
\\; E_NO_HUNK
\\35
Out of hunk!
\\;
\\; E_NO_HANDLES
\\36
Out of handles!
\\;
\\; E_NO_VIDEO
\\37
Non Š stato possibile installare il driver del video!
\\;
\\; E_CANT_FIND
\\38
Impossibile trovare %s.
\\;
\\; E_NO_PATCH
\\39
Impossibile individuare il PatchBank.
\\;
\\; E_NO_MUSIC
\\40
Impossibile inizializzare il vostro hardware musicale.
\\;
\\; E_CANT_LOAD
\\41
Impossibile caricare %s!

\\;
\\; E_NO_INSTALL
\\42
Impossibile individuare il file di confugurazione: %s
Avviate il programma Install.

\\;
\\; E_RESRC_MISMATCH
\\43
Tipo di risorsa mancante!
\\;
\\; E_NOT_FOUND
\\44
%s non trovato.
\\;
\\; E_WRONG_RESRC
\\45
Tipo di risorsa errata!
Sto cercando $%x #%d
\\;
\\; E_LOAD_ERROR
\\46
Errore di caricamento: %s
RETURN per continuare
ESC per uscire
\\;
\\; E_MAX_SERVE
\\47
E'stato superato il numero massimo di server.

\\;
\\; E_NO_DEBUGGER
\\48
Nessun Dubugger Disponibile.
\\;
\\; E_NO_MINHUNK
\\49
ll vostro file config deve avere un valore minHunk.
\\;
\\; E_NO_MEMORY
\\50
Non disponete di memoria eufficionto por avviate questo gioco.  
So avete un qualunque software residente in memoria rimuovetelo e ritentate.
\\;
\\; E_NO_CONF_STORAGE
\\51
E'stata superata la configurazione di memoria.
\\;
\\; E_BAD_PIC
\\52
Codice immagine errato

